[ 2026-02-11 16:18:12,393 ] 148 numexpr.utils - INFO - Note: NumExpr detected 16 cores but "NUMEXPR_MAX_THREADS" not set, so enforcing safe limit of 8.
[ 2026-02-11 16:18:12,393 ] 160 numexpr.utils - INFO - NumExpr defaulting to 8 threads.
[ 2026-02-11 16:18:21,190 ] 1026 httpx - INFO - HTTP Request: GET https://dagshub.com/api/v1/user "HTTP/1.1 200 OK"
[ 2026-02-11 16:18:21,197 ] 107 dagshub - INFO - Accessing as saikishan2452003
[ 2026-02-11 16:18:23,260 ] 1026 httpx - INFO - HTTP Request: GET https://dagshub.com/api/v1/repos/saikishan2452003/Network-Security "HTTP/1.1 200 OK"
[ 2026-02-11 16:18:24,943 ] 1026 httpx - INFO - HTTP Request: GET https://dagshub.com/api/v1/user "HTTP/1.1 200 OK"
[ 2026-02-11 16:18:24,943 ] 107 dagshub - INFO - Initialized MLflow to track repo "saikishan2452003/Network-Security"
[ 2026-02-11 16:18:24,943 ] 107 dagshub - INFO - Repository saikishan2452003/Network-Security initialized!
[ 2026-02-11 16:18:24,959 ] 20 root - INFO - Initiate the data ingestion
[ 2026-02-11 16:19:39,426 ] 65 root - INFO - Performed train test split on the dataframe
[ 2026-02-11 16:19:39,426 ] 67 root - INFO - Exited split_data_as_train_test method of Data_Ingestion class
[ 2026-02-11 16:19:39,426 ] 75 root - INFO - Exporting train and test file path.
[ 2026-02-11 16:19:39,595 ] 84 root - INFO - Exported train and test file path.
[ 2026-02-11 16:19:39,595 ] 22 root - INFO - Data initiation completed
[ 2026-02-11 16:19:39,634 ] 26 root - INFO - Initiate the data Validation
[ 2026-02-11 16:19:39,753 ] 32 root - INFO - Required number of columns:2
[ 2026-02-11 16:19:39,753 ] 33 root - INFO - Data frame has columns:31
[ 2026-02-11 16:19:39,753 ] 32 root - INFO - Required number of columns:2
[ 2026-02-11 16:19:39,753 ] 33 root - INFO - Data frame has columns:31
[ 2026-02-11 16:19:40,322 ] 28 root - INFO -  Data validation completed 
[ 2026-02-11 16:19:40,323 ] 31 root - INFO - data Transformation started
[ 2026-02-11 16:19:40,323 ] 63 root - INFO - Entered initiate_data_transformation method of DataTransformation class
[ 2026-02-11 16:19:40,323 ] 65 root - INFO - Starting data transformation
[ 2026-02-11 16:19:40,380 ] 48 root - INFO - Entered get_data_trnasformer_object method of Trnasformation class
[ 2026-02-11 16:19:40,380 ] 53 root - INFO - Initialise KNNImputer with {'missing_values': nan, 'n_neighbors': 3, 'weights': 'uniform'}
[ 2026-02-11 16:19:40,418 ] 35 root - INFO - data Transformation completed
[ 2026-02-11 16:19:40,418 ] 37 root - INFO - Model Training started
[ 2026-02-11 16:19:40,447 ] 109 root - INFO - Training Random Forest...
[ 2026-02-11 16:19:48,918 ] 121 root - INFO - Random Forest best parameters: {'n_estimators': 128}
[ 2026-02-11 16:19:49,396 ] 156 root - INFO - Random Forest - Test Accuracy: 0.9851, Test F1: 0.9851
[ 2026-02-11 16:19:49,396 ] 109 root - INFO - Training Decision Tree...
[ 2026-02-11 16:19:50,754 ] 121 root - INFO - Decision Tree best parameters: {'criterion': 'entropy'}
[ 2026-02-11 16:19:50,810 ] 156 root - INFO - Decision Tree - Test Accuracy: 0.9837, Test F1: 0.9837
[ 2026-02-11 16:19:50,810 ] 109 root - INFO - Training Gradient Boosting...
[ 2026-02-11 16:20:49,922 ] 121 root - INFO - Gradient Boosting best parameters: {'learning_rate': 0.1, 'n_estimators': 256, 'subsample': 0.7}
[ 2026-02-11 16:20:50,165 ] 156 root - INFO - Gradient Boosting - Test Accuracy: 0.9602, Test F1: 0.9602
[ 2026-02-11 16:20:50,165 ] 109 root - INFO - Training Logistic Regression...
[ 2026-02-11 16:20:50,317 ] 156 root - INFO - Logistic Regression - Test Accuracy: 0.9213, Test F1: 0.9212
[ 2026-02-11 16:20:50,318 ] 109 root - INFO - Training AdaBoost...
[ 2026-02-11 16:21:06,280 ] 121 root - INFO - AdaBoost best parameters: {'learning_rate': 0.1, 'n_estimators': 256}
[ 2026-02-11 16:21:07,374 ] 156 root - INFO - AdaBoost - Test Accuracy: 0.9290, Test F1: 0.9289
[ 2026-02-11 16:21:07,374 ] 112 root - INFO - Best model: Random Forest with F1 Score: 0.9851
[ 2026-02-11 16:39:03,499 ] 870 urllib3.connectionpool - WARNING - Retrying (Retry(total=6, connect=7, read=6, redirect=7, status=7)) after connection broken by 'TimeoutError('The write operation timed out')': /saikishan2452003/Network-Security.mlflow/api/2.0/mlflow-artifacts/artifacts/4f8422e8b4554533a9a1c874fe6b767f/models/m-ceee3bc9ff3d48908876973525ddb538/artifacts/model.pkl
[ 2026-02-11 17:11:40,579 ] 144 root - INFO - Model trainer artifact: ModelTrainerArtifact(trained_model_file_path='Artifacts\\02_11_2026_16_18_12\\model_trainer\\trained_model\\model.pkl', train_metric_artifact=ClassificationMetricArtifact(f1_score=0.9911854103343465, precision_score=0.9902824172487094, recall_score=0.9920900517188926), test_metric_artifact=ClassificationMetricArtifact(f1_score=0.986541598694943, precision_score=0.9869441044471644, recall_score=0.9861394211169996))
