[ 2026-02-10 06:55:10,057 ] 148 numexpr.utils - INFO - Note: NumExpr detected 16 cores but "NUMEXPR_MAX_THREADS" not set, so enforcing safe limit of 8.
[ 2026-02-10 06:55:10,057 ] 160 numexpr.utils - INFO - NumExpr defaulting to 8 threads.
[ 2026-02-10 06:55:18,439 ] 1026 httpx - INFO - HTTP Request: GET https://dagshub.com/api/v1/user "HTTP/1.1 200 OK"
[ 2026-02-10 06:55:18,439 ] 107 dagshub - INFO - Accessing as saikishan2452003
[ 2026-02-10 06:55:20,152 ] 1026 httpx - INFO - HTTP Request: GET https://dagshub.com/api/v1/repos/saikishan2452003/Network-Security "HTTP/1.1 200 OK"
[ 2026-02-10 06:55:21,735 ] 1026 httpx - INFO - HTTP Request: GET https://dagshub.com/api/v1/user "HTTP/1.1 200 OK"
[ 2026-02-10 06:55:21,735 ] 107 dagshub - INFO - Initialized MLflow to track repo "saikishan2452003/Network-Security"
[ 2026-02-10 06:55:21,735 ] 107 dagshub - INFO - Repository saikishan2452003/Network-Security initialized!
[ 2026-02-10 06:55:21,735 ] 20 root - INFO - Initiate the data ingestion
[ 2026-02-10 06:56:02,992 ] 65 root - INFO - Performed train test split on the dataframe
[ 2026-02-10 06:56:02,992 ] 67 root - INFO - Exited split_data_as_train_test method of Data_Ingestion class
[ 2026-02-10 06:56:02,992 ] 75 root - INFO - Exporting train and test file path.
[ 2026-02-10 06:56:03,162 ] 84 root - INFO - Exported train and test file path.
[ 2026-02-10 06:56:03,162 ] 22 root - INFO - Data initiation completed
[ 2026-02-10 06:56:03,162 ] 26 root - INFO - Initiate the data Validation
[ 2026-02-10 06:56:03,281 ] 32 root - INFO - Required number of columns:2
[ 2026-02-10 06:56:03,281 ] 33 root - INFO - Data frame has columns:31
[ 2026-02-10 06:56:03,281 ] 32 root - INFO - Required number of columns:2
[ 2026-02-10 06:56:03,281 ] 33 root - INFO - Data frame has columns:31
[ 2026-02-10 06:56:03,761 ] 28 root - INFO -  Data validation completed 
[ 2026-02-10 06:56:03,761 ] 31 root - INFO - data Transformation started
[ 2026-02-10 06:56:03,761 ] 63 root - INFO - Entered initiate_data_transformation method of DataTransformation class
[ 2026-02-10 06:56:03,761 ] 65 root - INFO - Starting data transformation
[ 2026-02-10 06:56:03,822 ] 48 root - INFO - Entered get_data_trnasformer_object method of Trnasformation class
[ 2026-02-10 06:56:03,822 ] 53 root - INFO - Initialise KNNImputer with {'missing_values': nan, 'n_neighbors': 3, 'weights': 'uniform'}
[ 2026-02-10 06:56:03,855 ] 35 root - INFO - data Transformation completed
[ 2026-02-10 06:56:03,855 ] 37 root - INFO - Model Training started
[ 2026-02-10 06:56:03,880 ] 109 root - INFO - Training Random Forest...
[ 2026-02-10 06:56:12,862 ] 121 root - INFO - Random Forest best parameters: {'n_estimators': 128}
[ 2026-02-10 06:56:13,328 ] 156 root - INFO - Random Forest - Test Accuracy: 0.9876, Test F1: 0.9876
[ 2026-02-10 06:56:13,328 ] 109 root - INFO - Training Decision Tree...
[ 2026-02-10 06:56:14,705 ] 121 root - INFO - Decision Tree best parameters: {'criterion': 'entropy'}
[ 2026-02-10 06:56:14,769 ] 156 root - INFO - Decision Tree - Test Accuracy: 0.9867, Test F1: 0.9867
[ 2026-02-10 06:56:14,769 ] 109 root - INFO - Training Gradient Boosting...
[ 2026-02-10 06:57:14,045 ] 121 root - INFO - Gradient Boosting best parameters: {'learning_rate': 0.1, 'n_estimators': 256, 'subsample': 0.6}
[ 2026-02-10 06:57:14,284 ] 156 root - INFO - Gradient Boosting - Test Accuracy: 0.9631, Test F1: 0.9631
[ 2026-02-10 06:57:14,284 ] 109 root - INFO - Training Logistic Regression...
[ 2026-02-10 06:57:14,403 ] 156 root - INFO - Logistic Regression - Test Accuracy: 0.9283, Test F1: 0.9282
[ 2026-02-10 06:57:14,403 ] 109 root - INFO - Training AdaBoost...
[ 2026-02-10 06:57:30,739 ] 121 root - INFO - AdaBoost best parameters: {'learning_rate': 0.1, 'n_estimators': 256}
[ 2026-02-10 06:57:31,799 ] 156 root - INFO - AdaBoost - Test Accuracy: 0.9358, Test F1: 0.9357
[ 2026-02-10 06:57:31,799 ] 112 root - INFO - Best model: Random Forest with F1 Score: 0.9876
[ 2026-02-10 06:59:20,399 ] 870 urllib3.connectionpool - WARNING - Retrying (Retry(total=6, connect=7, read=7, redirect=7, status=7)) after connection broken by 'SSLEOFError(8, 'EOF occurred in violation of protocol (_ssl.c:2417)')': /saikishan2452003/Network-Security.mlflow/api/2.0/mlflow-artifacts/artifacts/4f8422e8b4554533a9a1c874fe6b767f/models/m-1f418fc5330247688b9ba2381074cebe/artifacts/model.pkl
[ 2026-02-10 07:15:18,557 ] 144 root - INFO - Model trainer artifact: ModelTrainerArtifact(trained_model_file_path='Artifacts\\02_10_2026_06_55_10\\model_trainer\\trained_model\\model.pkl', train_metric_artifact=ClassificationMetricArtifact(f1_score=0.9907440190177533, precision_score=0.9893928679664613, recall_score=0.99209886547812), test_metric_artifact=ClassificationMetricArtifact(f1_score=0.9887823781358352, precision_score=0.9849654611946363, recall_score=0.9926289926289926))
